2024-11-09 02:32:35.566 [info] Log level: Info
2024-11-09 02:32:35.566 [info] Validating found git in: "git"
2024-11-09 02:32:35.566 [info] Using git "2.39.2" from "git"
2024-11-09 02:32:35.566 [info] > git rev-parse --show-toplevel [6ms]
2024-11-09 02:32:35.566 [info] fatal: not a git repository (or any parent up to mount point /home)
Stopping at filesystem boundary (GIT_DISCOVERY_ACROSS_FILESYSTEM not set).
2024-11-09 02:32:35.566 [info] > git rev-parse --show-toplevel [7ms]
2024-11-09 02:32:35.566 [info] fatal: not a git repository (or any parent up to mount point /home)
Stopping at filesystem boundary (GIT_DISCOVERY_ACROSS_FILESYSTEM not set).
2024-11-09 02:32:35.566 [info] > git rev-parse --show-toplevel [2ms]
2024-11-09 02:32:35.566 [info] fatal: not a git repository (or any parent up to mount point /home)
Stopping at filesystem boundary (GIT_DISCOVERY_ACROSS_FILESYSTEM not set).
2024-11-09 02:32:35.570 [info] > git rev-parse --show-toplevel [98ms]
2024-11-09 02:32:35.570 [info] fatal: not a git repository (or any parent up to mount point /home)
Stopping at filesystem boundary (GIT_DISCOVERY_ACROSS_FILESYSTEM not set).
2024-11-09 02:36:42.739 [info] > git rev-parse --show-toplevel [7ms]
2024-11-09 02:36:42.740 [info] fatal: not a git repository (or any parent up to mount point /home)
Stopping at filesystem boundary (GIT_DISCOVERY_ACROSS_FILESYSTEM not set).
2024-11-09 02:38:22.172 [info] > git rev-parse --show-toplevel [2ms]
2024-11-09 02:38:22.173 [info] fatal: not a git repository (or any parent up to mount point /home)
Stopping at filesystem boundary (GIT_DISCOVERY_ACROSS_FILESYSTEM not set).
2024-11-09 02:41:53.107 [info] > git rev-parse --show-toplevel [25ms]
2024-11-09 02:41:53.108 [info] fatal: not a git repository (or any parent up to mount point /home)
Stopping at filesystem boundary (GIT_DISCOVERY_ACROSS_FILESYSTEM not set).
2024-11-09 02:41:53.595 [info] > git rev-parse --show-toplevel [6ms]
2024-11-09 02:41:53.595 [info] fatal: not a git repository (or any parent up to mount point /home)
Stopping at filesystem boundary (GIT_DISCOVERY_ACROSS_FILESYSTEM not set).
2024-11-09 02:41:57.613 [info] > git rev-parse --show-toplevel [1ms]
2024-11-09 02:41:57.613 [info] fatal: not a git repository (or any parent up to mount point /home)
Stopping at filesystem boundary (GIT_DISCOVERY_ACROSS_FILESYSTEM not set).
2024-11-09 02:42:16.799 [info] > git rev-parse --show-toplevel [3ms]
2024-11-09 02:42:16.799 [info] fatal: not a git repository (or any parent up to mount point /home)
Stopping at filesystem boundary (GIT_DISCOVERY_ACROSS_FILESYSTEM not set).
2024-11-09 02:42:41.808 [info] > git rev-parse --show-toplevel [3ms]
2024-11-09 02:42:41.809 [info] fatal: not a git repository (or any parent up to mount point /home)
Stopping at filesystem boundary (GIT_DISCOVERY_ACROSS_FILESYSTEM not set).
2024-11-09 02:42:41.816 [info] > git rev-parse --show-toplevel [1ms]
2024-11-09 02:42:41.816 [info] fatal: not a git repository (or any parent up to mount point /home)
Stopping at filesystem boundary (GIT_DISCOVERY_ACROSS_FILESYSTEM not set).
