2024-11-14 01:14:23.783 [info] Log level: Info
2024-11-14 01:14:23.784 [info] Validating found git in: "git"
2024-11-14 01:14:23.784 [info] Using git "2.39.2" from "git"
2024-11-14 01:14:23.784 [info] > git rev-parse --show-toplevel [851ms]
2024-11-14 01:14:23.784 [info] > git rev-parse --git-dir --git-common-dir [17ms]
2024-11-14 01:14:23.784 [info] Open repository: /home/coder
2024-11-14 01:14:23.784 [info] > git config --get commit.template [12ms]
2024-11-14 01:14:23.784 [info] > git rev-parse --show-toplevel [11ms]
2024-11-14 01:14:23.785 [info] > git rev-parse --show-toplevel [29ms]
2024-11-14 01:14:23.798 [info] > git for-each-ref --format=%(refname)%00%(upstream:short)%00%(objectname)%00%(upstream:track)%00%(upstream:remotename)%00%(upstream:remoteref) refs/heads/main refs/remotes/main [62ms]
2024-11-14 01:14:23.853 [info] > git rev-parse --show-toplevel [56ms]
2024-11-14 01:14:24.590 [info] > git check-ignore -v -z --stdin [146ms]
2024-11-14 01:14:24.979 [info] > git show --textconv :app.py [112ms]
2024-11-14 01:14:24.980 [info] > git ls-files --stage -- /home/coder/app.py [47ms]
2024-11-14 01:14:25.070 [info] > git cat-file -s 7052651ffe9fbd64d538eecd4f06792a1223fde1 [23ms]
2024-11-14 01:14:25.258 [info] > git check-ignore -v -z --stdin [24ms]
2024-11-14 01:14:25.546 [info] > git status -z -uall [1698ms]
2024-11-14 01:14:25.941 [info] > git for-each-ref --format=%(refname)%00%(upstream:short)%00%(objectname)%00%(upstream:track)%00%(upstream:remotename)%00%(upstream:remoteref) refs/heads/main refs/remotes/main [366ms]
2024-11-14 01:14:25.959 [info] > git config --get commit.template [20ms]
2024-11-14 01:14:25.962 [info] > git config --local branch.main.vscode-merge-base [7ms]
2024-11-14 01:14:25.963 [warning] git config failed: Failed to execute git
2024-11-14 01:14:26.560 [info] > git for-each-ref --format=%(refname)%00%(upstream:short)%00%(objectname)%00%(upstream:track)%00%(upstream:remotename)%00%(upstream:remoteref) refs/heads/main refs/remotes/main [583ms]
2024-11-14 01:14:26.560 [info] > git reflog main --grep-reflog=branch: Created from *. [589ms]
2024-11-14 01:14:26.587 [info] > git symbolic-ref --short refs/remotes/origin/HEAD [18ms]
2024-11-14 01:14:26.588 [info] fatal: ref refs/remotes/origin/HEAD is not a symbolic ref
2024-11-14 01:14:26.948 [info] > git merge-base refs/heads/main refs/remotes/origin/main [299ms]
2024-11-14 01:14:27.048 [info] > git rev-list --count --left-right refs/heads/main...refs/remotes/origin/main [89ms]
2024-11-14 01:14:27.153 [info] > git diff --name-status -z --diff-filter=ADMR b0c6089c91fdeccaa53f3388ac3f91e435276970...refs/remotes/origin/main [95ms]
2024-11-14 01:14:27.202 [info] > git status -z -uall [620ms]
2024-11-14 01:14:27.447 [info] > git for-each-ref --format=%(refname)%00%(upstream:short)%00%(objectname)%00%(upstream:track)%00%(upstream:remotename)%00%(upstream:remoteref) refs/heads/main refs/remotes/main [212ms]
2024-11-14 01:14:27.530 [info] > git config --local branch.main.vscode-merge-base [50ms]
2024-11-14 01:14:27.531 [warning] git config failed: Failed to execute git
2024-11-14 01:14:27.631 [info] > git reflog main --grep-reflog=branch: Created from *. [84ms]
2024-11-14 01:14:27.680 [info] > git symbolic-ref --short refs/remotes/origin/HEAD [21ms]
2024-11-14 01:14:27.680 [info] fatal: ref refs/remotes/origin/HEAD is not a symbolic ref
2024-11-14 01:14:48.693 [info] > git config --get commit.template [11ms]
2024-11-14 01:14:48.715 [info] > git for-each-ref --format=%(refname)%00%(upstream:short)%00%(objectname)%00%(upstream:track)%00%(upstream:remotename)%00%(upstream:remoteref) refs/heads/main refs/remotes/main [28ms]
2024-11-14 01:14:49.059 [info] > git status -z -uall [337ms]
2024-11-14 01:14:49.090 [info] > git for-each-ref --format=%(refname)%00%(upstream:short)%00%(objectname)%00%(upstream:track)%00%(upstream:remotename)%00%(upstream:remoteref) refs/heads/main refs/remotes/main [25ms]
2024-11-14 01:14:49.104 [info] > git config --local branch.main.vscode-merge-base [9ms]
2024-11-14 01:14:49.104 [warning] git config failed: Failed to execute git
2024-11-14 01:14:49.137 [info] > git reflog main --grep-reflog=branch: Created from *. [24ms]
2024-11-14 01:14:49.152 [info] > git symbolic-ref --short refs/remotes/origin/HEAD [11ms]
2024-11-14 01:14:49.153 [info] fatal: ref refs/remotes/origin/HEAD is not a symbolic ref
2024-11-14 01:14:49.270 [info] > git check-ignore -v -z --stdin [25ms]
2024-11-14 01:14:54.096 [info] > git config --get commit.template [16ms]
2024-11-14 01:14:54.109 [info] > git for-each-ref --format=%(refname)%00%(upstream:short)%00%(objectname)%00%(upstream:track)%00%(upstream:remotename)%00%(upstream:remoteref) refs/heads/main refs/remotes/main [23ms]
2024-11-14 01:14:54.462 [info] > git status -z -uall [346ms]
2024-11-14 01:14:54.487 [info] > git for-each-ref --format=%(refname)%00%(upstream:short)%00%(objectname)%00%(upstream:track)%00%(upstream:remotename)%00%(upstream:remoteref) refs/heads/main refs/remotes/main [20ms]
2024-11-14 01:14:54.502 [info] > git config --local branch.main.vscode-merge-base [11ms]
2024-11-14 01:14:54.503 [warning] git config failed: Failed to execute git
2024-11-14 01:14:54.535 [info] > git reflog main --grep-reflog=branch: Created from *. [25ms]
2024-11-14 01:14:54.551 [info] > git symbolic-ref --short refs/remotes/origin/HEAD [10ms]
2024-11-14 01:14:54.551 [info] fatal: ref refs/remotes/origin/HEAD is not a symbolic ref
2024-11-14 01:14:59.514 [info] > git config --get commit.template [40ms]
2024-11-14 01:14:59.527 [info] > git for-each-ref --format=%(refname)%00%(upstream:short)%00%(objectname)%00%(upstream:track)%00%(upstream:remotename)%00%(upstream:remoteref) refs/heads/main refs/remotes/main [45ms]
2024-11-14 01:14:59.891 [info] > git status -z -uall [357ms]
2024-11-14 01:14:59.923 [info] > git for-each-ref --format=%(refname)%00%(upstream:short)%00%(objectname)%00%(upstream:track)%00%(upstream:remotename)%00%(upstream:remoteref) refs/heads/main refs/remotes/main [26ms]
2024-11-14 01:14:59.951 [info] > git config --local branch.main.vscode-merge-base [14ms]
2024-11-14 01:14:59.951 [warning] git config failed: Failed to execute git
2024-11-14 01:14:59.984 [info] > git reflog main --grep-reflog=branch: Created from *. [27ms]
2024-11-14 01:15:00.017 [info] > git symbolic-ref --short refs/remotes/origin/HEAD [27ms]
2024-11-14 01:15:00.018 [info] fatal: ref refs/remotes/origin/HEAD is not a symbolic ref
2024-11-14 01:15:01.338 [info] > git ls-files --stage -- /home/coder/app.py [13ms]
2024-11-14 01:15:01.353 [info] > git cat-file -s 7052651ffe9fbd64d538eecd4f06792a1223fde1 [12ms]
2024-11-14 01:15:01.399 [info] > git show --textconv :app.py [17ms]
2024-11-14 01:15:31.904 [info] > git ls-files --stage -- /home/coder/app.py [20ms]
2024-11-14 01:15:31.925 [info] > git cat-file -s 7052651ffe9fbd64d538eecd4f06792a1223fde1 [14ms]
2024-11-14 01:15:31.973 [info] > git show --textconv :app.py [18ms]
2024-11-14 01:15:42.179 [info] > git ls-files --stage -- /home/coder/app.py [12ms]
2024-11-14 01:15:42.195 [info] > git cat-file -s 7052651ffe9fbd64d538eecd4f06792a1223fde1 [12ms]
2024-11-14 01:15:42.240 [info] > git show --textconv :app.py [17ms]
2024-11-14 01:15:47.261 [info] > git ls-files --stage -- /home/coder/app.py [13ms]
2024-11-14 01:15:47.278 [info] > git cat-file -s 7052651ffe9fbd64d538eecd4f06792a1223fde1 [13ms]
2024-11-14 01:15:47.345 [info] > git show --textconv :app.py [33ms]
2024-11-14 01:16:03.059 [info] > git config --get commit.template [8ms]
2024-11-14 01:16:03.084 [info] > git for-each-ref --format=%(refname)%00%(upstream:short)%00%(objectname)%00%(upstream:track)%00%(upstream:remotename)%00%(upstream:remoteref) refs/heads/main refs/remotes/main [29ms]
2024-11-14 01:16:03.461 [info] > git status -z -uall [368ms]
2024-11-14 01:16:03.490 [info] > git for-each-ref --format=%(refname)%00%(upstream:short)%00%(objectname)%00%(upstream:track)%00%(upstream:remotename)%00%(upstream:remoteref) refs/heads/main refs/remotes/main [22ms]
2024-11-14 01:16:03.502 [info] > git config --local branch.main.vscode-merge-base [7ms]
2024-11-14 01:16:03.502 [warning] git config failed: Failed to execute git
2024-11-14 01:16:03.528 [info] > git reflog main --grep-reflog=branch: Created from *. [19ms]
2024-11-14 01:16:03.544 [info] > git symbolic-ref --short refs/remotes/origin/HEAD [12ms]
2024-11-14 01:16:03.544 [info] fatal: ref refs/remotes/origin/HEAD is not a symbolic ref
2024-11-14 01:16:03.574 [info] > git merge-base refs/heads/main refs/remotes/origin/main [20ms]
2024-11-14 01:16:03.596 [info] > git rev-list --count --left-right refs/heads/main...refs/remotes/origin/main [19ms]
2024-11-14 01:16:03.622 [info] > git diff --name-status -z --diff-filter=ADMR bd2449164718db30b408eed07c1836c2110edc72...refs/remotes/origin/main [22ms]
2024-11-14 01:28:50.547 [info] > git config --get commit.template [10ms]
2024-11-14 01:28:50.564 [info] > git for-each-ref --format=%(refname)%00%(upstream:short)%00%(objectname)%00%(upstream:track)%00%(upstream:remotename)%00%(upstream:remoteref) refs/heads/main refs/remotes/main [21ms]
2024-11-14 01:28:50.857 [info] > git status -z -uall [287ms]
2024-11-14 01:28:50.880 [info] > git for-each-ref --format=%(refname)%00%(upstream:short)%00%(objectname)%00%(upstream:track)%00%(upstream:remotename)%00%(upstream:remoteref) refs/heads/main refs/remotes/main [19ms]
2024-11-14 01:28:50.890 [info] > git config --local branch.main.vscode-merge-base [5ms]
2024-11-14 01:28:50.890 [warning] git config failed: Failed to execute git
2024-11-14 01:28:50.912 [info] > git reflog main --grep-reflog=branch: Created from *. [19ms]
2024-11-14 01:28:50.923 [info] > git symbolic-ref --short refs/remotes/origin/HEAD [8ms]
2024-11-14 01:28:50.923 [info] fatal: ref refs/remotes/origin/HEAD is not a symbolic ref
2024-11-14 01:30:10.966 [info] > git config --get commit.template [18ms]
2024-11-14 01:30:10.992 [info] > git for-each-ref --format=%(refname)%00%(upstream:short)%00%(objectname)%00%(upstream:track)%00%(upstream:remotename)%00%(upstream:remoteref) refs/heads/main refs/remotes/main [32ms]
2024-11-14 01:30:11.871 [info] > git status -z -uall [874ms]
2024-11-14 01:30:11.909 [info] > git for-each-ref --format=%(refname)%00%(upstream:short)%00%(objectname)%00%(upstream:track)%00%(upstream:remotename)%00%(upstream:remoteref) refs/heads/main refs/remotes/main [30ms]
2024-11-14 01:30:11.943 [info] > git config --local branch.main.vscode-merge-base [10ms]
2024-11-14 01:30:11.944 [warning] git config failed: Failed to execute git
2024-11-14 01:30:11.972 [info] > git reflog main --grep-reflog=branch: Created from *. [24ms]
2024-11-14 01:30:11.987 [info] > git symbolic-ref --short refs/remotes/origin/HEAD [9ms]
2024-11-14 01:30:11.987 [info] fatal: ref refs/remotes/origin/HEAD is not a symbolic ref
2024-11-14 01:30:20.304 [info] > git config --get commit.template [14ms]
2024-11-14 01:30:20.343 [info] > git for-each-ref --format=%(refname)%00%(upstream:short)%00%(objectname)%00%(upstream:track)%00%(upstream:remotename)%00%(upstream:remoteref) refs/heads/main refs/remotes/main [41ms]
2024-11-14 01:30:20.685 [info] > git status -z -uall [332ms]
2024-11-14 01:30:20.709 [info] > git for-each-ref --format=%(refname)%00%(upstream:short)%00%(objectname)%00%(upstream:track)%00%(upstream:remotename)%00%(upstream:remoteref) refs/heads/main refs/remotes/main [19ms]
2024-11-14 01:30:20.720 [info] > git config --local branch.main.vscode-merge-base [6ms]
2024-11-14 01:30:20.720 [warning] git config failed: Failed to execute git
2024-11-14 01:30:20.754 [info] > git reflog main --grep-reflog=branch: Created from *. [26ms]
2024-11-14 01:30:20.767 [info] > git symbolic-ref --short refs/remotes/origin/HEAD [10ms]
2024-11-14 01:30:20.767 [info] fatal: ref refs/remotes/origin/HEAD is not a symbolic ref
2024-11-14 01:30:31.453 [info] > git config --get commit.template [8ms]
2024-11-14 01:30:31.478 [info] > git for-each-ref --format=%(refname)%00%(upstream:short)%00%(objectname)%00%(upstream:track)%00%(upstream:remotename)%00%(upstream:remoteref) refs/heads/main refs/remotes/main [28ms]
2024-11-14 01:30:31.834 [info] > git status -z -uall [348ms]
2024-11-14 01:30:31.859 [info] > git for-each-ref --format=%(refname)%00%(upstream:short)%00%(objectname)%00%(upstream:track)%00%(upstream:remotename)%00%(upstream:remoteref) refs/heads/main refs/remotes/main [20ms]
2024-11-14 01:30:31.869 [info] > git config --local branch.main.vscode-merge-base [6ms]
2024-11-14 01:30:31.869 [warning] git config failed: Failed to execute git
2024-11-14 01:30:31.899 [info] > git reflog main --grep-reflog=branch: Created from *. [22ms]
2024-11-14 01:30:31.912 [info] > git symbolic-ref --short refs/remotes/origin/HEAD [10ms]
2024-11-14 01:30:31.913 [info] fatal: ref refs/remotes/origin/HEAD is not a symbolic ref
2024-11-14 01:30:34.428 [info] > git check-ignore -v -z --stdin [25ms]
2024-11-14 01:30:36.858 [info] > git config --get commit.template [11ms]
2024-11-14 01:30:36.873 [info] > git for-each-ref --format=%(refname)%00%(upstream:short)%00%(objectname)%00%(upstream:track)%00%(upstream:remotename)%00%(upstream:remoteref) refs/heads/main refs/remotes/main [20ms]
2024-11-14 01:30:37.276 [info] > git status -z -uall [399ms]
2024-11-14 01:30:37.318 [info] > git for-each-ref --format=%(refname)%00%(upstream:short)%00%(objectname)%00%(upstream:track)%00%(upstream:remotename)%00%(upstream:remoteref) refs/heads/main refs/remotes/main [34ms]
2024-11-14 01:30:37.351 [info] > git config --local branch.main.vscode-merge-base [21ms]
2024-11-14 01:30:37.352 [warning] git config failed: Failed to execute git
2024-11-14 01:30:37.400 [info] > git reflog main --grep-reflog=branch: Created from *. [39ms]
2024-11-14 01:30:37.414 [info] > git symbolic-ref --short refs/remotes/origin/HEAD [9ms]
2024-11-14 01:30:37.414 [info] fatal: ref refs/remotes/origin/HEAD is not a symbolic ref
2024-11-14 01:30:44.948 [info] > git config --get commit.template [19ms]
2024-11-14 01:30:44.963 [info] > git for-each-ref --format=%(refname)%00%(upstream:short)%00%(objectname)%00%(upstream:track)%00%(upstream:remotename)%00%(upstream:remoteref) refs/heads/main refs/remotes/main [24ms]
2024-11-14 01:30:45.349 [info] > git status -z -uall [381ms]
2024-11-14 01:30:45.382 [info] > git for-each-ref --format=%(refname)%00%(upstream:short)%00%(objectname)%00%(upstream:track)%00%(upstream:remotename)%00%(upstream:remoteref) refs/heads/main refs/remotes/main [26ms]
2024-11-14 01:30:45.397 [info] > git config --local branch.main.vscode-merge-base [7ms]
2024-11-14 01:30:45.397 [warning] git config failed: Failed to execute git
2024-11-14 01:30:45.434 [info] > git reflog main --grep-reflog=branch: Created from *. [27ms]
2024-11-14 01:30:45.450 [info] > git symbolic-ref --short refs/remotes/origin/HEAD [10ms]
2024-11-14 01:30:45.450 [info] fatal: ref refs/remotes/origin/HEAD is not a symbolic ref
2024-11-14 01:30:50.376 [info] > git config --get commit.template [10ms]
2024-11-14 01:30:50.394 [info] > git for-each-ref --format=%(refname)%00%(upstream:short)%00%(objectname)%00%(upstream:track)%00%(upstream:remotename)%00%(upstream:remoteref) refs/heads/main refs/remotes/main [21ms]
2024-11-14 01:30:51.066 [info] > git status -z -uall [667ms]
2024-11-14 01:30:51.095 [info] > git for-each-ref --format=%(refname)%00%(upstream:short)%00%(objectname)%00%(upstream:track)%00%(upstream:remotename)%00%(upstream:remoteref) refs/heads/main refs/remotes/main [23ms]
2024-11-14 01:30:51.105 [info] > git config --local branch.main.vscode-merge-base [5ms]
2024-11-14 01:30:51.105 [warning] git config failed: Failed to execute git
2024-11-14 01:30:51.128 [info] > git reflog main --grep-reflog=branch: Created from *. [20ms]
2024-11-14 01:30:51.140 [info] > git symbolic-ref --short refs/remotes/origin/HEAD [9ms]
2024-11-14 01:30:51.140 [info] fatal: ref refs/remotes/origin/HEAD is not a symbolic ref
2024-11-14 01:30:59.994 [info] > git config --get commit.template [9ms]
2024-11-14 01:31:00.049 [info] > git for-each-ref --format=%(refname)%00%(upstream:short)%00%(objectname)%00%(upstream:track)%00%(upstream:remotename)%00%(upstream:remoteref) refs/heads/main refs/remotes/main [57ms]
2024-11-14 01:31:00.476 [info] > git status -z -uall [417ms]
2024-11-14 01:31:00.507 [info] > git for-each-ref --format=%(refname)%00%(upstream:short)%00%(objectname)%00%(upstream:track)%00%(upstream:remotename)%00%(upstream:remoteref) refs/heads/main refs/remotes/main [21ms]
2024-11-14 01:31:00.517 [info] > git config --local branch.main.vscode-merge-base [5ms]
2024-11-14 01:31:00.517 [warning] git config failed: Failed to execute git
2024-11-14 01:31:00.541 [info] > git reflog main --grep-reflog=branch: Created from *. [20ms]
2024-11-14 01:31:00.554 [info] > git symbolic-ref --short refs/remotes/origin/HEAD [9ms]
2024-11-14 01:31:00.554 [info] fatal: ref refs/remotes/origin/HEAD is not a symbolic ref
2024-11-14 01:31:03.226 [info] > git ls-files --stage -- /home/coder/app.py [12ms]
2024-11-14 01:31:03.245 [info] > git cat-file -s 7052651ffe9fbd64d538eecd4f06792a1223fde1 [14ms]
2024-11-14 01:31:03.309 [info] > git show --textconv :app.py [15ms]
2024-11-14 01:31:05.509 [info] > git config --get commit.template [15ms]
2024-11-14 01:31:05.540 [info] > git for-each-ref --format=%(refname)%00%(upstream:short)%00%(objectname)%00%(upstream:track)%00%(upstream:remotename)%00%(upstream:remoteref) refs/heads/main refs/remotes/main [32ms]
2024-11-14 01:31:05.936 [info] > git status -z -uall [391ms]
2024-11-14 01:31:05.965 [info] > git for-each-ref --format=%(refname)%00%(upstream:short)%00%(objectname)%00%(upstream:track)%00%(upstream:remotename)%00%(upstream:remoteref) refs/heads/main refs/remotes/main [24ms]
2024-11-14 01:31:05.976 [info] > git config --local branch.main.vscode-merge-base [6ms]
2024-11-14 01:31:05.976 [warning] git config failed: Failed to execute git
2024-11-14 01:31:06.003 [info] > git reflog main --grep-reflog=branch: Created from *. [23ms]
2024-11-14 01:31:06.015 [info] > git symbolic-ref --short refs/remotes/origin/HEAD [8ms]
2024-11-14 01:31:06.015 [info] fatal: ref refs/remotes/origin/HEAD is not a symbolic ref
2024-11-14 01:31:10.955 [info] > git config --get commit.template [8ms]
2024-11-14 01:31:10.974 [info] > git for-each-ref --format=%(refname)%00%(upstream:short)%00%(objectname)%00%(upstream:track)%00%(upstream:remotename)%00%(upstream:remoteref) refs/heads/main refs/remotes/main [23ms]
2024-11-14 01:31:11.269 [info] > git status -z -uall [289ms]
2024-11-14 01:31:11.296 [info] > git for-each-ref --format=%(refname)%00%(upstream:short)%00%(objectname)%00%(upstream:track)%00%(upstream:remotename)%00%(upstream:remoteref) refs/heads/main refs/remotes/main [21ms]
2024-11-14 01:31:11.310 [info] > git config --local branch.main.vscode-merge-base [9ms]
2024-11-14 01:31:11.310 [warning] git config failed: Failed to execute git
2024-11-14 01:31:11.334 [info] > git reflog main --grep-reflog=branch: Created from *. [19ms]
2024-11-14 01:31:11.348 [info] > git symbolic-ref --short refs/remotes/origin/HEAD [9ms]
2024-11-14 01:31:11.349 [info] fatal: ref refs/remotes/origin/HEAD is not a symbolic ref
2024-11-14 01:36:12.252 [info] > git config --get commit.template [18ms]
2024-11-14 01:36:12.285 [info] > git for-each-ref --format=%(refname)%00%(upstream:short)%00%(objectname)%00%(upstream:track)%00%(upstream:remotename)%00%(upstream:remoteref) refs/heads/main refs/remotes/main [40ms]
2024-11-14 01:36:13.047 [info] > git status -z -uall [755ms]
2024-11-14 01:36:13.075 [info] > git for-each-ref --format=%(refname)%00%(upstream:short)%00%(objectname)%00%(upstream:track)%00%(upstream:remotename)%00%(upstream:remoteref) refs/heads/main refs/remotes/main [22ms]
2024-11-14 01:36:13.087 [info] > git config --local branch.main.vscode-merge-base [7ms]
2024-11-14 01:36:13.087 [warning] git config failed: Failed to execute git
2024-11-14 01:36:13.116 [info] > git reflog main --grep-reflog=branch: Created from *. [24ms]
2024-11-14 01:36:13.130 [info] > git symbolic-ref --short refs/remotes/origin/HEAD [8ms]
2024-11-14 01:36:13.130 [info] fatal: ref refs/remotes/origin/HEAD is not a symbolic ref
2024-11-14 01:36:18.073 [info] > git config --get commit.template [12ms]
2024-11-14 01:36:18.100 [info] > git for-each-ref --format=%(refname)%00%(upstream:short)%00%(objectname)%00%(upstream:track)%00%(upstream:remotename)%00%(upstream:remoteref) refs/heads/main refs/remotes/main [29ms]
2024-11-14 01:36:18.506 [info] > git status -z -uall [401ms]
2024-11-14 01:36:18.534 [info] > git for-each-ref --format=%(refname)%00%(upstream:short)%00%(objectname)%00%(upstream:track)%00%(upstream:remotename)%00%(upstream:remoteref) refs/heads/main refs/remotes/main [24ms]
2024-11-14 01:36:18.548 [info] > git config --local branch.main.vscode-merge-base [7ms]
2024-11-14 01:36:18.548 [warning] git config failed: Failed to execute git
2024-11-14 01:36:18.572 [info] > git reflog main --grep-reflog=branch: Created from *. [19ms]
2024-11-14 01:36:18.584 [info] > git symbolic-ref --short refs/remotes/origin/HEAD [8ms]
2024-11-14 01:36:18.585 [info] fatal: ref refs/remotes/origin/HEAD is not a symbolic ref
2024-11-14 01:36:23.535 [info] > git config --get commit.template [11ms]
2024-11-14 01:36:23.562 [info] > git for-each-ref --format=%(refname)%00%(upstream:short)%00%(objectname)%00%(upstream:track)%00%(upstream:remotename)%00%(upstream:remoteref) refs/heads/main refs/remotes/main [27ms]
2024-11-14 01:36:23.921 [info] > git status -z -uall [347ms]
2024-11-14 01:36:23.953 [info] > git for-each-ref --format=%(refname)%00%(upstream:short)%00%(objectname)%00%(upstream:track)%00%(upstream:remotename)%00%(upstream:remoteref) refs/heads/main refs/remotes/main [26ms]
2024-11-14 01:36:23.966 [info] > git config --local branch.main.vscode-merge-base [8ms]
2024-11-14 01:36:23.967 [warning] git config failed: Failed to execute git
2024-11-14 01:36:24.005 [info] > git reflog main --grep-reflog=branch: Created from *. [28ms]
2024-11-14 01:36:24.025 [info] > git symbolic-ref --short refs/remotes/origin/HEAD [14ms]
2024-11-14 01:36:24.025 [info] fatal: ref refs/remotes/origin/HEAD is not a symbolic ref
2024-11-14 01:36:28.942 [info] > git config --get commit.template [9ms]
2024-11-14 01:36:28.964 [info] > git for-each-ref --format=%(refname)%00%(upstream:short)%00%(objectname)%00%(upstream:track)%00%(upstream:remotename)%00%(upstream:remoteref) refs/heads/main refs/remotes/main [25ms]
2024-11-14 01:36:29.325 [info] > git status -z -uall [348ms]
2024-11-14 01:36:29.354 [info] > git for-each-ref --format=%(refname)%00%(upstream:short)%00%(objectname)%00%(upstream:track)%00%(upstream:remotename)%00%(upstream:remoteref) refs/heads/main refs/remotes/main [21ms]
2024-11-14 01:36:29.383 [info] > git config --local branch.main.vscode-merge-base [23ms]
2024-11-14 01:36:29.383 [warning] git config failed: Failed to execute git
2024-11-14 01:36:29.404 [info] > git reflog main --grep-reflog=branch: Created from *. [18ms]
2024-11-14 01:36:29.415 [info] > git symbolic-ref --short refs/remotes/origin/HEAD [8ms]
2024-11-14 01:36:29.415 [info] fatal: ref refs/remotes/origin/HEAD is not a symbolic ref
2024-11-14 01:46:43.690 [info] > git config --get commit.template [12ms]
2024-11-14 01:46:43.721 [info] > git for-each-ref --format=%(refname)%00%(upstream:short)%00%(objectname)%00%(upstream:track)%00%(upstream:remotename)%00%(upstream:remoteref) refs/heads/main refs/remotes/main [38ms]
2024-11-14 01:46:44.734 [info] > git status -z -uall [1006ms]
2024-11-14 01:46:44.762 [info] > git for-each-ref --format=%(refname)%00%(upstream:short)%00%(objectname)%00%(upstream:track)%00%(upstream:remotename)%00%(upstream:remoteref) refs/heads/main refs/remotes/main [22ms]
2024-11-14 01:46:44.773 [info] > git config --local branch.main.vscode-merge-base [6ms]
2024-11-14 01:46:44.773 [warning] git config failed: Failed to execute git
2024-11-14 01:46:44.804 [info] > git reflog main --grep-reflog=branch: Created from *. [27ms]
2024-11-14 01:46:44.818 [info] > git symbolic-ref --short refs/remotes/origin/HEAD [10ms]
2024-11-14 01:46:44.818 [info] fatal: ref refs/remotes/origin/HEAD is not a symbolic ref
