2024-11-13 23:56:36.230 [info] Reading sessions from keychain...
2024-11-13 23:56:36.230 [info] Getting sessions for all scopes...
2024-11-13 23:56:36.230 [info] Got 0 sessions for ...
2024-11-13 23:56:36.235 [info] Getting sessions for read:user,repo,user:email,workflow...
2024-11-13 23:56:36.238 [info] Got 0 sessions for read:user,repo,user:email,workflow...
2024-11-13 23:59:51.979 [info] Getting sessions for read:user,repo,user:email,workflow...
2024-11-13 23:59:51.979 [info] Got 0 sessions for read:user,repo,user:email,workflow...
2024-11-13 23:59:56.148 [info] Logging in for the following scopes: read:user repo user:email workflow
2024-11-13 23:59:56.202 [info] Trying device code flow... (read:user repo user:email workflow)
2024-11-14 00:00:24.729 [info] Getting user info...
2024-11-14 00:00:24.940 [info] Got account info!
2024-11-14 00:00:24.941 [info] Storing 1 sessions...
2024-11-14 00:00:24.968 [info] Reading sessions from keychain...
2024-11-14 00:00:24.968 [info] Stored 1 sessions!
2024-11-14 00:00:24.969 [info] Login success!
2024-11-14 00:00:25.039 [info] Got stored sessions!
2024-11-14 00:00:25.039 [info] Got 1 verified sessions.
2024-11-14 00:00:25.402 [info] Getting sessions for read:user,repo,user:email,workflow...
2024-11-14 00:00:25.402 [info] Got 1 sessions for read:user,repo,user:email,workflow...
2024-11-14 00:00:49.187 [info] Getting sessions for read:user,repo,user:email,workflow...
2024-11-14 00:00:49.187 [info] Got 1 sessions for read:user,repo,user:email,workflow...
2024-11-14 00:01:18.204 [info] Getting sessions for read:user,repo,user:email,workflow...
2024-11-14 00:01:18.204 [info] Got 1 sessions for read:user,repo,user:email,workflow...
2024-11-14 00:06:16.015 [info] Getting sessions for read:user,repo,user:email,workflow...
2024-11-14 00:06:16.015 [info] Got 1 sessions for read:user,repo,user:email,workflow...
2024-11-14 00:08:00.462 [info] Getting sessions for read:user,repo,user:email,workflow...
2024-11-14 00:08:00.462 [info] Got 1 sessions for read:user,repo,user:email,workflow...
2024-11-14 00:08:23.873 [info] Getting sessions for read:user,repo,user:email,workflow...
2024-11-14 00:08:23.873 [info] Got 1 sessions for read:user,repo,user:email,workflow...
2024-11-14 00:10:05.294 [info] Getting sessions for read:user,repo,user:email,workflow...
2024-11-14 00:10:05.294 [info] Got 1 sessions for read:user,repo,user:email,workflow...
2024-11-14 01:15:03.304 [info] Getting sessions for read:user,repo,user:email,workflow...
2024-11-14 01:15:03.305 [info] Got 1 sessions for read:user,repo,user:email,workflow...
